Determining if the pthread_create exist failed with the following output:
Change Dir: /home/ecs/catkin_ws/src/cob_environment_perception/cob_3d_segmentation/build/CMakeFiles/CMakeTmp

Run Build Command:"/usr/bin/make" "cmTC_7ccc8/fast"
/usr/bin/make -f CMakeFiles/cmTC_7ccc8.dir/build.make CMakeFiles/cmTC_7ccc8.dir/build
make[1]: Entering directory '/home/ecs/catkin_ws/src/cob_environment_perception/cob_3d_segmentation/build/CMakeFiles/CMakeTmp'
Building C object CMakeFiles/cmTC_7ccc8.dir/CheckSymbolExists.c.o
/usr/bin/cc     -o CMakeFiles/cmTC_7ccc8.dir/CheckSymbolExists.c.o   -c /home/ecs/catkin_ws/src/cob_environment_perception/cob_3d_segmentation/build/CMakeFiles/CMakeTmp/CheckSymbolExists.c
Linking C executable cmTC_7ccc8
/usr/bin/cmake -E cmake_link_script CMakeFiles/cmTC_7ccc8.dir/link.txt --verbose=1
/usr/bin/cc       CMakeFiles/cmTC_7ccc8.dir/CheckSymbolExists.c.o  -o cmTC_7ccc8 -rdynamic 
CMakeFiles/cmTC_7ccc8.dir/CheckSymbolExists.c.o: 於函式 main:
CheckSymbolExists.c:(.text+0x16): 未定義參考到「pthread_create」
collect2: error: ld returned 1 exit status
CMakeFiles/cmTC_7ccc8.dir/build.make:97: recipe for target 'cmTC_7ccc8' failed
make[1]: *** [cmTC_7ccc8] Error 1
make[1]: Leaving directory '/home/ecs/catkin_ws/src/cob_environment_perception/cob_3d_segmentation/build/CMakeFiles/CMakeTmp'
Makefile:126: recipe for target 'cmTC_7ccc8/fast' failed
make: *** [cmTC_7ccc8/fast] Error 2

File /home/ecs/catkin_ws/src/cob_environment_perception/cob_3d_segmentation/build/CMakeFiles/CMakeTmp/CheckSymbolExists.c:
/* */
#include <pthread.h>

int main(int argc, char** argv)
{
  (void)argv;
#ifndef pthread_create
  return ((int*)(&pthread_create))[argc];
#else
  (void)argc;
  return 0;
#endif
}

Determining if the function pthread_create exists in the pthreads failed with the following output:
Change Dir: /home/ecs/catkin_ws/src/cob_environment_perception/cob_3d_segmentation/build/CMakeFiles/CMakeTmp

Run Build Command:"/usr/bin/make" "cmTC_97bec/fast"
/usr/bin/make -f CMakeFiles/cmTC_97bec.dir/build.make CMakeFiles/cmTC_97bec.dir/build
make[1]: Entering directory '/home/ecs/catkin_ws/src/cob_environment_perception/cob_3d_segmentation/build/CMakeFiles/CMakeTmp'
Building C object CMakeFiles/cmTC_97bec.dir/CheckFunctionExists.c.o
/usr/bin/cc    -DCHECK_FUNCTION_EXISTS=pthread_create   -o CMakeFiles/cmTC_97bec.dir/CheckFunctionExists.c.o   -c /usr/share/cmake-3.5/Modules/CheckFunctionExists.c
Linking C executable cmTC_97bec
/usr/bin/cmake -E cmake_link_script CMakeFiles/cmTC_97bec.dir/link.txt --verbose=1
/usr/bin/cc   -DCHECK_FUNCTION_EXISTS=pthread_create    CMakeFiles/cmTC_97bec.dir/CheckFunctionExists.c.o  -o cmTC_97bec -rdynamic -lpthreads 
/usr/bin/ld: 找不到 -lpthreads
collect2: error: ld returned 1 exit status
CMakeFiles/cmTC_97bec.dir/build.make:97: recipe for target 'cmTC_97bec' failed
make[1]: *** [cmTC_97bec] Error 1
make[1]: Leaving directory '/home/ecs/catkin_ws/src/cob_environment_perception/cob_3d_segmentation/build/CMakeFiles/CMakeTmp'
Makefile:126: recipe for target 'cmTC_97bec/fast' failed
make: *** [cmTC_97bec/fast] Error 2


